2018-04-24/10:17:00 [Debug]  [logger.go:46] [Self node net info:
Private key is:0x04bb2cf04e6a580ef5e2e79efb57ceb91106515ab1e643910f93078ad236c53af058f9686f80237ace79ec585ed294c3796f7eb12ad275f214802a6c81ef2fff558d27b84cc6cb1198b14339364b561ffba4b5ae060b304bfb8b9e08e7982ad3a7
Public key is:0x04bb2cf04e6a580ef5e2e79efb57ceb91106515ab1e643910f93078ad236c53af058f9686f80237ace79ec585ed294c3796f7eb12ad275f214802a6c81ef2fff55
ID is:0x1f48b8da3250ccf52935abd173e5523694fafa56
IP is:10.0.0.225
Tcp port is:1122
]
2018-04-24/10:20:24 [Debug]  [logger.go:46] [Self node net info:
Private key is:0x04bb2cf04e6a580ef5e2e79efb57ceb91106515ab1e643910f93078ad236c53af058f9686f80237ace79ec585ed294c3796f7eb12ad275f214802a6c81ef2fff558d27b84cc6cb1198b14339364b561ffba4b5ae060b304bfb8b9e08e7982ad3a7
Public key is:0x04bb2cf04e6a580ef5e2e79efb57ceb91106515ab1e643910f93078ad236c53af058f9686f80237ace79ec585ed294c3796f7eb12ad275f214802a6c81ef2fff55
ID is:0x1f48b8da3250ccf52935abd173e5523694fafa56
IP is:10.0.0.225
Tcp port is:1122
]
2018-04-24/10:22:01 [Error]  [logger.go:41] Stream  read [4 %!d(string=connection reset) 0] byte error:%!s(MISSING),received %!d(MISSING) bytes

2018-04-24/10:22:35 [Debug]  [logger.go:46] [Self node net info:
Private key is:0x04bb2cf04e6a580ef5e2e79efb57ceb91106515ab1e643910f93078ad236c53af058f9686f80237ace79ec585ed294c3796f7eb12ad275f214802a6c81ef2fff558d27b84cc6cb1198b14339364b561ffba4b5ae060b304bfb8b9e08e7982ad3a7
Public key is:0x04bb2cf04e6a580ef5e2e79efb57ceb91106515ab1e643910f93078ad236c53af058f9686f80237ace79ec585ed294c3796f7eb12ad275f214802a6c81ef2fff55
ID is:0x1f48b8da3250ccf52935abd173e5523694fafa56
IP is:10.0.0.225
Tcp port is:1122
]
2018-04-24/12:04:16 [Debug]  [logger.go:46] [Self node net info:
Private key is:0x04bb2cf04e6a580ef5e2e79efb57ceb91106515ab1e643910f93078ad236c53af058f9686f80237ace79ec585ed294c3796f7eb12ad275f214802a6c81ef2fff558d27b84cc6cb1198b14339364b561ffba4b5ae060b304bfb8b9e08e7982ad3a7
Public key is:0x04bb2cf04e6a580ef5e2e79efb57ceb91106515ab1e643910f93078ad236c53af058f9686f80237ace79ec585ed294c3796f7eb12ad275f214802a6c81ef2fff55
ID is:0x1f48b8da3250ccf52935abd173e5523694fafa56
IP is:10.0.0.225
Tcp port is:1122
]
2018-04-24/12:12:19 [Debug]  [logger.go:46] [Self node net info:
Private key is:0x04bb2cf04e6a580ef5e2e79efb57ceb91106515ab1e643910f93078ad236c53af058f9686f80237ace79ec585ed294c3796f7eb12ad275f214802a6c81ef2fff558d27b84cc6cb1198b14339364b561ffba4b5ae060b304bfb8b9e08e7982ad3a7
Public key is:0x04bb2cf04e6a580ef5e2e79efb57ceb91106515ab1e643910f93078ad236c53af058f9686f80237ace79ec585ed294c3796f7eb12ad275f214802a6c81ef2fff55
ID is:0x1f48b8da3250ccf52935abd173e5523694fafa56
IP is:10.0.0.225
Tcp port is:1122
]
2018-04-24/12:45:20 [Error]  [logger.go:41] Stream  read [4 %!d(string=connection reset) 0] byte error:%!s(MISSING),received %!d(MISSING) bytes

2018-04-24/12:52:26 [Debug]  [logger.go:46] [Self node net info:
Private key is:0x04bb2cf04e6a580ef5e2e79efb57ceb91106515ab1e643910f93078ad236c53af058f9686f80237ace79ec585ed294c3796f7eb12ad275f214802a6c81ef2fff558d27b84cc6cb1198b14339364b561ffba4b5ae060b304bfb8b9e08e7982ad3a7
Public key is:0x04bb2cf04e6a580ef5e2e79efb57ceb91106515ab1e643910f93078ad236c53af058f9686f80237ace79ec585ed294c3796f7eb12ad275f214802a6c81ef2fff55
ID is:0x1f48b8da3250ccf52935abd173e5523694fafa56
IP is:10.0.0.225
Tcp port is:1122
]
2018-04-24/12:54:02 [Debug]  [logger.go:46] [Self node net info:
Private key is:0x04bb2cf04e6a580ef5e2e79efb57ceb91106515ab1e643910f93078ad236c53af058f9686f80237ace79ec585ed294c3796f7eb12ad275f214802a6c81ef2fff558d27b84cc6cb1198b14339364b561ffba4b5ae060b304bfb8b9e08e7982ad3a7
Public key is:0x04bb2cf04e6a580ef5e2e79efb57ceb91106515ab1e643910f93078ad236c53af058f9686f80237ace79ec585ed294c3796f7eb12ad275f214802a6c81ef2fff55
ID is:0x1f48b8da3250ccf52935abd173e5523694fafa56
IP is:10.0.0.225
Tcp port is:1122
]
2018-04-24/12:54:48 [Debug]  [logger.go:46] [Self node net info:
Private key is:0x04bb2cf04e6a580ef5e2e79efb57ceb91106515ab1e643910f93078ad236c53af058f9686f80237ace79ec585ed294c3796f7eb12ad275f214802a6c81ef2fff558d27b84cc6cb1198b14339364b561ffba4b5ae060b304bfb8b9e08e7982ad3a7
Public key is:0x04bb2cf04e6a580ef5e2e79efb57ceb91106515ab1e643910f93078ad236c53af058f9686f80237ace79ec585ed294c3796f7eb12ad275f214802a6c81ef2fff55
ID is:0x1f48b8da3250ccf52935abd173e5523694fafa56
IP is:10.0.0.225
Tcp port is:1122
]
2018-04-24/12:55:42 [Debug]  [logger.go:46] [Self node net info:
Private key is:0x04bb2cf04e6a580ef5e2e79efb57ceb91106515ab1e643910f93078ad236c53af058f9686f80237ace79ec585ed294c3796f7eb12ad275f214802a6c81ef2fff558d27b84cc6cb1198b14339364b561ffba4b5ae060b304bfb8b9e08e7982ad3a7
Public key is:0x04bb2cf04e6a580ef5e2e79efb57ceb91106515ab1e643910f93078ad236c53af058f9686f80237ace79ec585ed294c3796f7eb12ad275f214802a6c81ef2fff55
ID is:0x1f48b8da3250ccf52935abd173e5523694fafa56
IP is:10.0.0.225
Tcp port is:1122
]
2018-04-24/12:56:23 [Debug]  [logger.go:46] [Self node net info:
Private key is:0x04bb2cf04e6a580ef5e2e79efb57ceb91106515ab1e643910f93078ad236c53af058f9686f80237ace79ec585ed294c3796f7eb12ad275f214802a6c81ef2fff558d27b84cc6cb1198b14339364b561ffba4b5ae060b304bfb8b9e08e7982ad3a7
Public key is:0x04bb2cf04e6a580ef5e2e79efb57ceb91106515ab1e643910f93078ad236c53af058f9686f80237ace79ec585ed294c3796f7eb12ad275f214802a6c81ef2fff55
ID is:0x1f48b8da3250ccf52935abd173e5523694fafa56
IP is:10.0.0.225
Tcp port is:1122
]
2018-04-24/13:05:09 [Debug]  [logger.go:46] [Self node net info:
Private key is:0x04bb2cf04e6a580ef5e2e79efb57ceb91106515ab1e643910f93078ad236c53af058f9686f80237ace79ec585ed294c3796f7eb12ad275f214802a6c81ef2fff558d27b84cc6cb1198b14339364b561ffba4b5ae060b304bfb8b9e08e7982ad3a7
Public key is:0x04bb2cf04e6a580ef5e2e79efb57ceb91106515ab1e643910f93078ad236c53af058f9686f80237ace79ec585ed294c3796f7eb12ad275f214802a6c81ef2fff55
ID is:0x1f48b8da3250ccf52935abd173e5523694fafa56
IP is:10.0.0.225
Tcp port is:1122
]
2018-04-24/13:37:24 [Error]  [logger.go:41] Stream  read [4 %!d(string=connection reset) 0] byte error:%!s(MISSING),received %!d(MISSING) bytes

2018-04-24/13:43:48 [Debug]  [logger.go:46] [Self node net info:
Private key is:0x04bb2cf04e6a580ef5e2e79efb57ceb91106515ab1e643910f93078ad236c53af058f9686f80237ace79ec585ed294c3796f7eb12ad275f214802a6c81ef2fff558d27b84cc6cb1198b14339364b561ffba4b5ae060b304bfb8b9e08e7982ad3a7
Public key is:0x04bb2cf04e6a580ef5e2e79efb57ceb91106515ab1e643910f93078ad236c53af058f9686f80237ace79ec585ed294c3796f7eb12ad275f214802a6c81ef2fff55
ID is:0x1f48b8da3250ccf52935abd173e5523694fafa56
IP is:10.0.0.225
Tcp port is:1122
]
2018-04-24/13:45:03 [Debug]  [logger.go:46] [Self node net info:
Private key is:0x04bb2cf04e6a580ef5e2e79efb57ceb91106515ab1e643910f93078ad236c53af058f9686f80237ace79ec585ed294c3796f7eb12ad275f214802a6c81ef2fff558d27b84cc6cb1198b14339364b561ffba4b5ae060b304bfb8b9e08e7982ad3a7
Public key is:0x04bb2cf04e6a580ef5e2e79efb57ceb91106515ab1e643910f93078ad236c53af058f9686f80237ace79ec585ed294c3796f7eb12ad275f214802a6c81ef2fff55
ID is:0x1f48b8da3250ccf52935abd173e5523694fafa56
IP is:10.0.0.225
Tcp port is:1122
]
2018-04-24/13:45:21 [Debug]  [logger.go:46] [Self node net info:
Private key is:0x04bb2cf04e6a580ef5e2e79efb57ceb91106515ab1e643910f93078ad236c53af058f9686f80237ace79ec585ed294c3796f7eb12ad275f214802a6c81ef2fff558d27b84cc6cb1198b14339364b561ffba4b5ae060b304bfb8b9e08e7982ad3a7
Public key is:0x04bb2cf04e6a580ef5e2e79efb57ceb91106515ab1e643910f93078ad236c53af058f9686f80237ace79ec585ed294c3796f7eb12ad275f214802a6c81ef2fff55
ID is:0x1f48b8da3250ccf52935abd173e5523694fafa56
IP is:10.0.0.225
Tcp port is:1122
]
2018-04-24/13:51:22 [Debug]  [logger.go:46] [Self node net info:
Private key is:0x04bb2cf04e6a580ef5e2e79efb57ceb91106515ab1e643910f93078ad236c53af058f9686f80237ace79ec585ed294c3796f7eb12ad275f214802a6c81ef2fff558d27b84cc6cb1198b14339364b561ffba4b5ae060b304bfb8b9e08e7982ad3a7
Public key is:0x04bb2cf04e6a580ef5e2e79efb57ceb91106515ab1e643910f93078ad236c53af058f9686f80237ace79ec585ed294c3796f7eb12ad275f214802a6c81ef2fff55
ID is:0x1f48b8da3250ccf52935abd173e5523694fafa56
IP is:10.0.0.225
Tcp port is:1122
]
2018-04-24/14:47:18 [Debug]  [logger.go:46] [Self node net info:
Private key is:0x04bb2cf04e6a580ef5e2e79efb57ceb91106515ab1e643910f93078ad236c53af058f9686f80237ace79ec585ed294c3796f7eb12ad275f214802a6c81ef2fff558d27b84cc6cb1198b14339364b561ffba4b5ae060b304bfb8b9e08e7982ad3a7
Public key is:0x04bb2cf04e6a580ef5e2e79efb57ceb91106515ab1e643910f93078ad236c53af058f9686f80237ace79ec585ed294c3796f7eb12ad275f214802a6c81ef2fff55
ID is:0x1f48b8da3250ccf52935abd173e5523694fafa56
IP is:10.0.0.225
Tcp port is:1122
]
2018-04-24/15:22:29 [Debug]  [logger.go:46] [Self node net info:
Private key is:0x04bb2cf04e6a580ef5e2e79efb57ceb91106515ab1e643910f93078ad236c53af058f9686f80237ace79ec585ed294c3796f7eb12ad275f214802a6c81ef2fff558d27b84cc6cb1198b14339364b561ffba4b5ae060b304bfb8b9e08e7982ad3a7
Public key is:0x04bb2cf04e6a580ef5e2e79efb57ceb91106515ab1e643910f93078ad236c53af058f9686f80237ace79ec585ed294c3796f7eb12ad275f214802a6c81ef2fff55
ID is:0x1f48b8da3250ccf52935abd173e5523694fafa56
IP is:10.0.0.225
Tcp port is:1122
]
